07/10/2024 09:53:06 AM INFO     Starting a new run
07/10/2024 08:30:01 PM INFO     Starting a new run
07/10/2024 08:30:43 PM INFO     Starting a new run
07/10/2024 08:34:09 PM INFO     Starting a new run
07/10/2024 08:35:22 PM INFO     Starting a new run
07/10/2024 08:39:18 PM INFO     Starting a new run
07/10/2024 08:55:00 PM INFO     Starting a new run
07/10/2024 08:55:08 PM INFO     The pressure is 7.035581560000001e-06
07/10/2024 08:58:18 PM INFO     Starting a new run
07/10/2024 08:58:26 PM INFO     set valve 1to 1
07/10/2024 08:58:45 PM INFO     The pressure is 7.035581560000001e-06
07/10/2024 09:01:00 PM INFO     Starting a new run
07/10/2024 09:01:07 PM INFO     set mfc at Arto 10
07/10/2024 09:01:20 PM INFO     set valve 4to 1
07/10/2024 09:09:08 PM INFO     set valve 1to 1
07/10/2024 09:09:12 PM INFO     set valve 3to 1
07/10/2024 09:09:16 PM INFO     set valve 4to 1
07/10/2024 09:09:20 PM INFO     set valve 2to 1
07/10/2024 09:13:48 PM INFO     Starting a new run
07/10/2024 09:14:14 PM INFO     set mfc at Arto 15
07/10/2024 09:15:16 PM INFO     set mfc at Arto 25
07/10/2024 09:17:27 PM INFO     Starting a new run
07/10/2024 09:18:04 PM INFO     Starting a new run
07/10/2024 09:19:11 PM INFO     Starting a new run
07/10/2024 09:19:22 PM INFO     set mfc at Arto 12
07/10/2024 09:38:47 PM INFO     Starting a new run
07/10/2024 09:38:53 PM INFO     set valve 1to 0
07/10/2024 09:38:59 PM INFO     set valve 2to 0
07/10/2024 09:39:03 PM INFO     set valve 3to 0
07/10/2024 09:39:07 PM INFO     set valve 4to 0
07/10/2024 09:39:12 PM INFO     set valve 5to 0
07/10/2024 09:44:13 PM INFO     Starting a new run
07/10/2024 09:45:50 PM INFO     Starting a new run
07/10/2024 10:00:41 PM INFO     Starting a new run
07/10/2024 10:01:32 PM INFO     Starting a new run
07/10/2024 10:01:39 PM INFO     set valve 0to 1
07/10/2024 10:04:15 PM INFO     Starting a new run
07/10/2024 10:06:23 PM INFO     Starting a new run
07/10/2024 10:07:04 PM INFO     Starting a new run
07/10/2024 10:10:54 PM INFO     Starting a new run
07/10/2024 10:11:30 PM INFO     Starting a new run
07/10/2024 10:11:39 PM INFO     set valve 0to 1
07/10/2024 10:11:44 PM INFO     set valve 1to 0
07/10/2024 10:11:49 PM INFO     set valve 2to 1
07/10/2024 10:11:51 PM INFO     set valve 1to 1
07/10/2024 10:11:55 PM INFO     set valve 3to 1
07/10/2024 10:12:20 PM INFO     set valve 0to 1
07/10/2024 10:34:15 PM INFO     Starting a new run
07/10/2024 10:34:24 PM INFO     set valve 1to 1
07/11/2024 05:18:18 PM INFO     Starting a new run
07/11/2024 05:19:22 PM INFO     set valve 0to 1
07/11/2024 05:19:29 PM INFO     set valve 4to 1
07/11/2024 06:45:17 PM INFO     Starting a new run
07/11/2024 07:14:03 PM INFO     Starting a new run
07/12/2024 11:40:46 AM INFO     Starting a new run
07/12/2024 11:40:56 AM INFO     set valve 0to 1
07/12/2024 11:41:05 AM INFO     The pressure is 7.17809334e-06
07/12/2024 12:03:28 PM INFO     Starting a new run
07/12/2024 12:03:36 PM INFO     set valve 1to 1
07/12/2024 12:03:44 PM INFO     set valve 1to 0
07/12/2024 12:18:27 PM INFO     Starting a new run
07/12/2024 12:18:34 PM INFO     The pressure is 7.17809334e-06
07/12/2024 12:18:34 PM INFO     7.17809334e-06
07/12/2024 12:19:34 PM INFO     Starting a new run
07/12/2024 12:19:39 PM INFO     The pressure is 7.17809334e-06
07/12/2024 12:19:39 PM INFO     7.17809334e-06
07/12/2024 12:21:04 PM INFO     Starting a new run
07/12/2024 12:21:10 PM INFO     The pressure is 7.17809334e-06
07/12/2024 12:21:10 PM INFO     7.17809334e-06
07/12/2024 12:21:10 PM INFO     The pressure is 7.17809334e-06
07/12/2024 12:21:10 PM INFO     7.17809334e-06
07/12/2024 12:21:10 PM INFO     The pressure is 7.17809334e-06
07/12/2024 12:21:10 PM INFO     7.17809334e-06
07/12/2024 12:21:10 PM INFO     The pressure is 7.17809334e-06
07/12/2024 12:21:10 PM INFO     7.17809334e-06
07/12/2024 12:21:10 PM INFO     The pressure is 7.17809334e-06
07/12/2024 12:21:10 PM INFO     7.17809334e-06
07/12/2024 12:21:48 PM INFO     Starting a new run
07/12/2024 12:21:52 PM INFO     The pressure is 7.17809334e-06
07/12/2024 12:21:52 PM INFO     7.17809334e-06
07/12/2024 12:22:05 PM INFO     Starting a new run
07/12/2024 12:22:10 PM INFO     The pressure is 7.17809334e-06
07/12/2024 12:22:10 PM INFO     7.17809334e-06
07/12/2024 12:22:10 PM INFO     The pressure is 7.17809334e-06
07/12/2024 12:22:10 PM INFO     7.17809334e-06
07/12/2024 12:22:10 PM INFO     The pressure is 7.17809334e-06
07/12/2024 12:22:10 PM INFO     7.17809334e-06
07/12/2024 12:22:10 PM INFO     The pressure is 7.17809334e-06
07/12/2024 12:22:10 PM INFO     7.17809334e-06
07/12/2024 12:22:10 PM INFO     The pressure is 7.17809334e-06
07/12/2024 12:22:10 PM INFO     7.17809334e-06
07/12/2024 12:22:58 PM INFO     Starting a new run
07/12/2024 12:23:02 PM INFO     The pressure is 7.17809334e-06
07/12/2024 12:23:02 PM INFO     7.17809334e-06
07/12/2024 12:23:43 PM INFO     Starting a new run
07/12/2024 12:23:48 PM INFO     The pressure is 7.17809334e-06
07/12/2024 12:23:48 PM INFO     7.17809334e-06
07/12/2024 12:23:48 PM INFO     The pressure is 7.17809334e-06
07/12/2024 12:23:48 PM INFO     7.17809334e-06
07/12/2024 12:23:48 PM INFO     The pressure is 7.17809334e-06
07/12/2024 12:23:48 PM INFO     7.17809334e-06
07/12/2024 12:23:48 PM INFO     The pressure is 7.17809334e-06
07/12/2024 12:23:48 PM INFO     7.17809334e-06
07/12/2024 12:23:48 PM INFO     The pressure is 7.17809334e-06
07/12/2024 12:23:48 PM INFO     7.17809334e-06
07/12/2024 12:27:04 PM INFO     Starting a new run
07/12/2024 12:27:09 PM INFO     The pressure is 7.17809334e-06
07/12/2024 12:27:09 PM INFO     7.17809334e-06
07/12/2024 12:27:32 PM INFO     Starting a new run
07/12/2024 12:27:38 PM INFO     The pressure is 7.17809334e-06
07/12/2024 12:27:38 PM INFO     7.17809334e-06
07/12/2024 12:28:01 PM INFO     Starting a new run
07/12/2024 12:28:04 PM INFO     The pressure is 7.17809334e-06
07/12/2024 12:28:04 PM INFO     7.17809334e-06
07/12/2024 12:28:13 PM INFO     Starting a new run
07/12/2024 12:28:16 PM INFO     The pressure is 7.17809334e-06
07/12/2024 12:28:16 PM INFO     7.17809334e-06
07/12/2024 12:28:16 PM INFO     The pressure is 7.17809334e-06
07/12/2024 12:28:16 PM INFO     7.17809334e-06
07/12/2024 12:29:03 PM INFO     Starting a new run
07/12/2024 12:29:06 PM INFO     The pressure is 7.17809334e-06
07/12/2024 12:29:06 PM INFO     7.17809334e-06
07/12/2024 12:29:06 PM INFO     The pressure is 7.17809334e-06
07/12/2024 12:29:06 PM INFO     7.17809334e-06
07/12/2024 12:29:06 PM INFO     The pressure is 7.17809334e-06
07/12/2024 12:29:06 PM INFO     7.17809334e-06
07/12/2024 12:29:32 PM INFO     Starting a new run
07/12/2024 12:29:36 PM INFO     The pressure is 7.17809334e-06
07/12/2024 12:29:36 PM INFO     7.17809334e-06
07/12/2024 12:31:02 PM INFO     Starting a new run
07/12/2024 12:31:05 PM INFO     The pressure is 7.17809334e-06
07/12/2024 12:31:05 PM INFO     7.17809334e-06
07/12/2024 12:31:49 PM INFO     Starting a new run
07/12/2024 12:31:53 PM INFO     The pressure is 7.17809334e-06
07/12/2024 12:31:53 PM INFO     7.17809334e-06
07/12/2024 12:31:59 PM INFO     The pressure is 7.17809334e-06
07/12/2024 12:31:59 PM INFO     7.17809334e-06
07/12/2024 12:32:56 PM INFO     The pressure is 7.17809334e-06
07/12/2024 12:32:56 PM INFO     7.17809334e-06
07/12/2024 12:33:02 PM INFO     The pressure is 7.17809334e-06
07/12/2024 12:33:02 PM INFO     7.17809334e-06
07/12/2024 12:33:27 PM INFO     Starting a new run
07/12/2024 12:33:31 PM INFO     The pressure is 7.17809334e-06
07/12/2024 12:33:31 PM INFO     7.17809334e-06
07/12/2024 12:33:53 PM INFO     Starting a new run
07/12/2024 12:33:57 PM INFO     The pressure is 7.17809334e-06
07/12/2024 12:33:57 PM INFO     7.17809334e-06
07/12/2024 12:35:56 PM INFO     Starting a new run
07/12/2024 12:36:00 PM INFO     The pressure is 7.17809334e-06
07/12/2024 12:36:00 PM INFO     7.17809334e-06
07/12/2024 12:36:12 PM INFO     Starting a new run
07/12/2024 12:36:15 PM INFO     The pressure is 7.17809334e-06
07/12/2024 12:36:15 PM INFO     7.17809334e-06
07/12/2024 12:36:21 PM INFO     The pressure is 7.17809334e-06
07/12/2024 12:36:21 PM INFO     7.17809334e-06
07/12/2024 12:38:14 PM INFO     Starting a new run
07/12/2024 12:38:16 PM INFO     The pressure is 7.17809334e-06
07/12/2024 12:38:16 PM INFO     7.17809334e-06
07/12/2024 12:38:22 PM INFO     The pressure is 7.17809334e-06
07/12/2024 12:38:22 PM INFO     7.17809334e-06
07/12/2024 12:39:10 PM INFO     Starting a new run
07/12/2024 12:39:14 PM INFO     The pressure is 7.17809334e-06
07/12/2024 12:39:14 PM INFO     7.17809334e-06
07/12/2024 12:39:44 PM INFO     Starting a new run
07/12/2024 12:39:48 PM INFO     The pressure is 7.17809334e-06
07/12/2024 12:39:48 PM INFO     7.17809334e-06
07/12/2024 12:39:54 PM INFO     The pressure is 7.17809334e-06
07/12/2024 12:39:54 PM INFO     7.17809334e-06
07/12/2024 12:40:56 PM INFO     Starting a new run
07/12/2024 12:41:00 PM INFO     The pressure is 7.17809334e-06
07/12/2024 12:41:00 PM INFO     7.17809334e-06
07/12/2024 12:41:00 PM INFO     set valve 0to 1
07/12/2024 12:41:00 PM INFO     set valve 8to 1
07/12/2024 12:41:01 PM INFO     set valve 0to 0
07/12/2024 12:41:06 PM INFO     The pressure is 7.17809334e-06
07/12/2024 12:41:06 PM INFO     7.17809334e-06
07/12/2024 12:41:06 PM INFO     set valve 0to 1
07/12/2024 12:41:06 PM INFO     set valve 8to 1
07/12/2024 12:41:07 PM INFO     set valve 0to 0
